11:25:27 **** Incremental Build of configuration Debug for project parkingSystem ****
make all 
Building file: ../ultrasonic_sensor.c
Invoking: AVR Compiler
avr-gcc -Wall -g3 -gdwarf-2 -O0 -fpack-struct -fshort-enums -ffunction-sections -fdata-sections -std=gnu99 -funsigned-char -funsigned-bitfields -mmcu=atmega32 -DF_CPU=16000000UL -MMD -MP -MF"ultrasonic_sensor.d" -MT"ultrasonic_sensor.o" -c -o "ultrasonic_sensor.o" "../ultrasonic_sensor.c"
In file included from ../ultrasonic_sensor.c:8:
c:/winavr-20100110/lib/gcc/../../avr/include/util/delay.h:90:3: warning: #warning "Compiler optimizations disabled; functions from <util/delay.h> won't work as designed"
Finished building: ../ultrasonic_sensor.c
 
Building target: parkingSystem.elf
Invoking: AVR C Linker
avr-gcc -Wl,-Map,parkingSystem.map -mmcu=atmega32 -o "parkingSystem.elf"  ./buzzer.o ./gpio.o ./icu.o ./lcd.o ./led.o ./main.o ./ultrasonic_sensor.o   
Finished building target: parkingSystem.elf
 
Invoking: AVR Create Extended Listing
avr-objdump -h -S parkingSystem.elf  >"parkingSystem.lss"
Finished building: parkingSystem.lss
 
Create Flash image (ihex format)
avr-objcopy -R .eeprom -R .fuse -R .lock -R .signature -O ihex parkingSystem.elf  "parkingSystem.hex"
Finished building: parkingSystem.hex
 
Invoking: Print Size
avr-size --format=avr --mcu=atmega32 parkingSystem.elf
AVR Memory Usage
----------------
Device: atmega32

Program:   13686 bytes (41.8% Full)
(.text + .data + .bootloader)

Data:        309 bytes (15.1% Full)
(.data + .bss + .noinit)


Finished building: sizedummy
 
11:30:24 **** Incremental Build of configuration Debug for project parkingSystem ****
make all 
Invoking: Print Size
avr-size --format=avr --mcu=atmega32 parkingSystem.elf
AVR Memory Usage
----------------
Device: atmega32

Program:   13686 bytes (41.8% Full)
(.text + .data + .bootloader)

Data:        309 bytes (15.1% Full)
(.data + .bss + .noinit)


Finished building: sizedummy
 
11:30:25 **** Incremental Build of configuration Debug for project parkingSystem ****
make all 
Invoking: Print Size
avr-size --format=avr --mcu=atmega32 parkingSystem.elf
AVR Memory Usage
----------------
Device: atmega32

Program:   13686 bytes (41.8% Full)
(.text + .data + .bootloader)

Data:        309 bytes (15.1% Full)
(.data + .bss + .noinit)


Finished building: sizedummy
 
11:58:00 **** Incremental Build of configuration Debug for project parkingSystem ****
make all 
Invoking: Print Size
avr-size --format=avr --mcu=atmega32 parkingSystem.elf
AVR Memory Usage
----------------
Device: atmega32

Program:   13686 bytes (41.8% Full)
(.text + .data + .bootloader)

Data:        309 bytes (15.1% Full)
(.data + .bss + .noinit)


Finished building: sizedummy
 
11:59:37 **** Incremental Build of configuration Debug for project parkingSystem ****
make all 
Invoking: Print Size
avr-size --format=avr --mcu=atmega32 parkingSystem.elf
AVR Memory Usage
----------------
Device: atmega32

Program:   13686 bytes (41.8% Full)
(.text + .data + .bootloader)

Data:        309 bytes (15.1% Full)
(.data + .bss + .noinit)


Finished building: sizedummy
 
11:59:37 **** Incremental Build of configuration Debug for project parkingSystem ****
make all 
Invoking: Print Size
avr-size --format=avr --mcu=atmega32 parkingSystem.elf
AVR Memory Usage
----------------
Device: atmega32

Program:   13686 bytes (41.8% Full)
(.text + .data + .bootloader)

Data:        309 bytes (15.1% Full)
(.data + .bss + .noinit)


Finished building: sizedummy
 
12:06:10 **** Incremental Build of configuration Debug for project parkingSystem ****
make all 
Building file: ../main.c
Invoking: AVR Compiler
avr-gcc -Wall -g3 -gdwarf-2 -O0 -fpack-struct -fshort-enums -ffunction-sections -fdata-sections -std=gnu99 -funsigned-char -funsigned-bitfields -mmcu=atmega32 -DF_CPU=16000000UL -MMD -MP -MF"main.d" -MT"main.o" -c -o "main.o" "../main.c"
In file included from ../main.c:9:
c:/winavr-20100110/lib/gcc/../../avr/include/util/delay.h:90:3: warning: #warning "Compiler optimizations disabled; functions from <util/delay.h> won't work as designed"
Finished building: ../main.c
 
Building target: parkingSystem.elf
Invoking: AVR C Linker
avr-gcc -Wl,-Map,parkingSystem.map -mmcu=atmega32 -o "parkingSystem.elf"  ./buzzer.o ./gpio.o ./icu.o ./lcd.o ./led.o ./main.o ./ultrasonic_sensor.o   
Finished building target: parkingSystem.elf
 
Invoking: AVR Create Extended Listing
avr-objdump -h -S parkingSystem.elf  >"parkingSystem.lss"
Finished building: parkingSystem.lss
 
Create Flash image (ihex format)
avr-objcopy -R .eeprom -R .fuse -R .lock -R .signature -O ihex parkingSystem.elf  "parkingSystem.hex"
Finished building: parkingSystem.hex
 
Invoking: Print Size
avr-size --format=avr --mcu=atmega32 parkingSystem.elf
AVR Memory Usage
----------------
Device: atmega32

Program:   13690 bytes (41.8% Full)
(.text + .data + .bootloader)

Data:        309 bytes (15.1% Full)
(.data + .bss + .noinit)


Finished building: sizedummy
 
12:06:11 **** Incremental Build of configuration Debug for project parkingSystem ****
make all 
Invoking: Print Size
avr-size --format=avr --mcu=atmega32 parkingSystem.elf
AVR Memory Usage
----------------
Device: atmega32

Program:   13690 bytes (41.8% Full)
(.text + .data + .bootloader)

Data:        309 bytes (15.1% Full)
(.data + .bss + .noinit)


Finished building: sizedummy
 
12:07:59 **** Incremental Build of configuration Debug for project parkingSystem ****
make all 
Building file: ../main.c
Invoking: AVR Compiler
avr-gcc -Wall -g3 -gdwarf-2 -O0 -fpack-struct -fshort-enums -ffunction-sections -fdata-sections -std=gnu99 -funsigned-char -funsigned-bitfields -mmcu=atmega32 -DF_CPU=16000000UL -MMD -MP -MF"main.d" -MT"main.o" -c -o "main.o" "../main.c"
In file included from ../main.c:9:
c:/winavr-20100110/lib/gcc/../../avr/include/util/delay.h:90:3: warning: #warning "Compiler optimizations disabled; functions from <util/delay.h> won't work as designed"
Finished building: ../main.c
 
Building target: parkingSystem.elf
Invoking: AVR C Linker
avr-gcc -Wl,-Map,parkingSystem.map -mmcu=atmega32 -o "parkingSystem.elf"  ./buzzer.o ./gpio.o ./icu.o ./lcd.o ./led.o ./main.o ./ultrasonic_sensor.o   
Finished building target: parkingSystem.elf
 
Invoking: AVR Create Extended Listing
avr-objdump -h -S parkingSystem.elf  >"parkingSystem.lss"
Finished building: parkingSystem.lss
 
Create Flash image (ihex format)
avr-objcopy -R .eeprom -R .fuse -R .lock -R .signature -O ihex parkingSystem.elf  "parkingSystem.hex"
Finished building: parkingSystem.hex
 
Invoking: Print Size
avr-size --format=avr --mcu=atmega32 parkingSystem.elf
AVR Memory Usage
----------------
Device: atmega32

Program:   13914 bytes (42.5% Full)
(.text + .data + .bootloader)

Data:        309 bytes (15.1% Full)
(.data + .bss + .noinit)


Finished building: sizedummy
 
12:08:00 **** Incremental Build of configuration Debug for project parkingSystem ****
make all 
Invoking: Print Size
avr-size --format=avr --mcu=atmega32 parkingSystem.elf
AVR Memory Usage
----------------
Device: atmega32

Program:   13914 bytes (42.5% Full)
(.text + .data + .bootloader)

Data:        309 bytes (15.1% Full)
(.data + .bss + .noinit)


Finished building: sizedummy
 
12:09:03 **** Incremental Build of configuration Debug for project parkingSystem ****
make all 
Building file: ../main.c
Invoking: AVR Compiler
avr-gcc -Wall -g3 -gdwarf-2 -O0 -fpack-struct -fshort-enums -ffunction-sections -fdata-sections -std=gnu99 -funsigned-char -funsigned-bitfields -mmcu=atmega32 -DF_CPU=16000000UL -MMD -MP -MF"main.d" -MT"main.o" -c -o "main.o" "../main.c"
In file included from ../main.c:9:
c:/winavr-20100110/lib/gcc/../../avr/include/util/delay.h:90:3: warning: #warning "Compiler optimizations disabled; functions from <util/delay.h> won't work as designed"
Finished building: ../main.c
 
Building target: parkingSystem.elf
Invoking: AVR C Linker
avr-gcc -Wl,-Map,parkingSystem.map -mmcu=atmega32 -o "parkingSystem.elf"  ./buzzer.o ./gpio.o ./icu.o ./lcd.o ./led.o ./main.o ./ultrasonic_sensor.o   
Finished building target: parkingSystem.elf
 
Invoking: AVR Create Extended Listing
avr-objdump -h -S parkingSystem.elf  >"parkingSystem.lss"
Finished building: parkingSystem.lss
 
Create Flash image (ihex format)
avr-objcopy -R .eeprom -R .fuse -R .lock -R .signature -O ihex parkingSystem.elf  "parkingSystem.hex"
Finished building: parkingSystem.hex
 
Invoking: Print Size
avr-size --format=avr --mcu=atmega32 parkingSystem.elf
AVR Memory Usage
----------------
Device: atmega32

Program:   13686 bytes (41.8% Full)
(.text + .data + .bootloader)

Data:        309 bytes (15.1% Full)
(.data + .bss + .noinit)


Finished building: sizedummy
 
12:09:05 **** Incremental Build of configuration Debug for project parkingSystem ****
make all 
Invoking: Print Size
avr-size --format=avr --mcu=atmega32 parkingSystem.elf
AVR Memory Usage
----------------
Device: atmega32

Program:   13686 bytes (41.8% Full)
(.text + .data + .bootloader)

Data:        309 bytes (15.1% Full)
(.data + .bss + .noinit)


Finished building: sizedummy
 
12:11:06 **** Incremental Build of configuration Debug for project parkingSystem ****
make all 
Building file: ../main.c
Invoking: AVR Compiler
avr-gcc -Wall -g3 -gdwarf-2 -O0 -fpack-struct -fshort-enums -ffunction-sections -fdata-sections -std=gnu99 -funsigned-char -funsigned-bitfields -mmcu=atmega32 -DF_CPU=16000000UL -MMD -MP -MF"main.d" -MT"main.o" -c -o "main.o" "../main.c"
In file included from ../main.c:9:
c:/winavr-20100110/lib/gcc/../../avr/include/util/delay.h:90:3: warning: #warning "Compiler optimizations disabled; functions from <util/delay.h> won't work as designed"
Finished building: ../main.c
 
Building target: parkingSystem.elf
Invoking: AVR C Linker
avr-gcc -Wl,-Map,parkingSystem.map -mmcu=atmega32 -o "parkingSystem.elf"  ./buzzer.o ./gpio.o ./icu.o ./lcd.o ./led.o ./main.o ./ultrasonic_sensor.o   
Finished building target: parkingSystem.elf
 
Invoking: AVR Create Extended Listing
avr-objdump -h -S parkingSystem.elf  >"parkingSystem.lss"
Finished building: parkingSystem.lss
 
Create Flash image (ihex format)
avr-objcopy -R .eeprom -R .fuse -R .lock -R .signature -O ihex parkingSystem.elf  "parkingSystem.hex"
Finished building: parkingSystem.hex
 
Invoking: Print Size
avr-size --format=avr --mcu=atmega32 parkingSystem.elf
AVR Memory Usage
----------------
Device: atmega32

Program:   13934 bytes (42.5% Full)
(.text + .data + .bootloader)

Data:        309 bytes (15.1% Full)
(.data + .bss + .noinit)


Finished building: sizedummy
 
12:11:07 **** Incremental Build of configuration Debug for project parkingSystem ****
make all 
Invoking: Print Size
avr-size --format=avr --mcu=atmega32 parkingSystem.elf
AVR Memory Usage
----------------
Device: atmega32

Program:   13934 bytes (42.5% Full)
(.text + .data + .bootloader)

Data:        309 bytes (15.1% Full)
(.data + .bss + .noinit)


Finished building: sizedummy
 
12:13:01 **** Incremental Build of configuration Debug for project parkingSystem ****
make all 
Invoking: Print Size
avr-size --format=avr --mcu=atmega32 parkingSystem.elf
AVR Memory Usage
----------------
Device: atmega32

Program:   13934 bytes (42.5% Full)
(.text + .data + .bootloader)

Data:        309 bytes (15.1% Full)
(.data + .bss + .noinit)


Finished building: sizedummy
 
12:13:02 **** Incremental Build of configuration Debug for project parkingSystem ****
make all 
Invoking: Print Size
avr-size --format=avr --mcu=atmega32 parkingSystem.elf
AVR Memory Usage
----------------
Device: atmega32

Program:   13934 bytes (42.5% Full)
(.text + .data + .bootloader)

Data:        309 bytes (15.1% Full)
(.data + .bss + .noinit)


Finished building: sizedummy
 
23:32:27 **** Build of configuration Debug for project parkingSystem ****
make all 
Invoking: Print Size
avr-size --format=avr --mcu=atmega32 parkingSystem.elf
AVR Memory Usage
----------------
Device: atmega32

Program:   13934 bytes (42.5% Full)
(.text + .data + .bootloader)

Data:        309 bytes (15.1% Full)
(.data + .bss + .noinit)


Finished building: sizedummy
 
23:32:28 **** Incremental Build of configuration Debug for project parkingSystem ****
make all 
Invoking: Print Size
avr-size --format=avr --mcu=atmega32 parkingSystem.elf
AVR Memory Usage
----------------
Device: atmega32

Program:   13934 bytes (42.5% Full)
(.text + .data + .bootloader)

Data:        309 bytes (15.1% Full)
(.data + .bss + .noinit)


Finished building: sizedummy
 
23:38:26 **** Incremental Build of configuration Debug for project parkingSystem ****
make all 
Building file: ../main.c
Invoking: AVR Compiler
avr-gcc -Wall -g3 -gdwarf-2 -O0 -fpack-struct -fshort-enums -ffunction-sections -fdata-sections -std=gnu99 -funsigned-char -funsigned-bitfields -mmcu=atmega32 -DF_CPU=16000000UL -MMD -MP -MF"main.d" -MT"main.o" -c -o "main.o" "../main.c"
In file included from ../main.c:9:
c:/winavr-20100110/lib/gcc/../../avr/include/util/delay.h:90:3: warning: #warning "Compiler optimizations disabled; functions from <util/delay.h> won't work as designed"
Finished building: ../main.c
 
Building target: parkingSystem.elf
Invoking: AVR C Linker
avr-gcc -Wl,-Map,parkingSystem.map -mmcu=atmega32 -o "parkingSystem.elf"  ./buzzer.o ./gpio.o ./icu.o ./lcd.o ./led.o ./main.o ./ultrasonic_sensor.o   
Finished building target: parkingSystem.elf
 
Invoking: AVR Create Extended Listing
avr-objdump -h -S parkingSystem.elf  >"parkingSystem.lss"
Finished building: parkingSystem.lss
 
Create Flash image (ihex format)
avr-objcopy -R .eeprom -R .fuse -R .lock -R .signature -O ihex parkingSystem.elf  "parkingSystem.hex"
Finished building: parkingSystem.hex
 
Invoking: Print Size
avr-size --format=avr --mcu=atmega32 parkingSystem.elf
AVR Memory Usage
----------------
Device: atmega32

Program:   13934 bytes (42.5% Full)
(.text + .data + .bootloader)

Data:        309 bytes (15.1% Full)
(.data + .bss + .noinit)


Finished building: sizedummy
 
23:38:27 **** Incremental Build of configuration Debug for project parkingSystem ****
make all 
Invoking: Print Size
avr-size --format=avr --mcu=atmega32 parkingSystem.elf
AVR Memory Usage
----------------
Device: atmega32

Program:   13934 bytes (42.5% Full)
(.text + .data + .bootloader)

Data:        309 bytes (15.1% Full)
(.data + .bss + .noinit)


Finished building: sizedummy
 
23:39:27 **** Incremental Build of configuration Debug for project parkingSystem ****
make all 
Building file: ../main.c
Invoking: AVR Compiler
avr-gcc -Wall -g3 -gdwarf-2 -O0 -fpack-struct -fshort-enums -ffunction-sections -fdata-sections -std=gnu99 -funsigned-char -funsigned-bitfields -mmcu=atmega32 -DF_CPU=16000000UL -MMD -MP -MF"main.d" -MT"main.o" -c -o "main.o" "../main.c"
In file included from ../main.c:9:
c:/winavr-20100110/lib/gcc/../../avr/include/util/delay.h:90:3: warning: #warning "Compiler optimizations disabled; functions from <util/delay.h> won't work as designed"
Finished building: ../main.c
 
Building target: parkingSystem.elf
Invoking: AVR C Linker
avr-gcc -Wl,-Map,parkingSystem.map -mmcu=atmega32 -o "parkingSystem.elf"  ./buzzer.o ./gpio.o ./icu.o ./lcd.o ./led.o ./main.o ./ultrasonic_sensor.o   
Finished building target: parkingSystem.elf
 
Invoking: AVR Create Extended Listing
avr-objdump -h -S parkingSystem.elf  >"parkingSystem.lss"
Finished building: parkingSystem.lss
 
Create Flash image (ihex format)
avr-objcopy -R .eeprom -R .fuse -R .lock -R .signature -O ihex parkingSystem.elf  "parkingSystem.hex"
Finished building: parkingSystem.hex
 
Invoking: Print Size
avr-size --format=avr --mcu=atmega32 parkingSystem.elf
AVR Memory Usage
----------------
Device: atmega32

Program:   13934 bytes (42.5% Full)
(.text + .data + .bootloader)

Data:        309 bytes (15.1% Full)
(.data + .bss + .noinit)


Finished building: sizedummy
 
23:39:28 **** Incremental Build of configuration Debug for project parkingSystem ****
make all 
Invoking: Print Size
avr-size --format=avr --mcu=atmega32 parkingSystem.elf
AVR Memory Usage
----------------
Device: atmega32

Program:   13934 bytes (42.5% Full)
(.text + .data + .bootloader)

Data:        309 bytes (15.1% Full)
(.data + .bss + .noinit)


Finished building: sizedummy
 
23:40:15 **** Incremental Build of configuration Debug for project parkingSystem ****
make all 
Building file: ../main.c
Invoking: AVR Compiler
avr-gcc -Wall -g3 -gdwarf-2 -O0 -fpack-struct -fshort-enums -ffunction-sections -fdata-sections -std=gnu99 -funsigned-char -funsigned-bitfields -mmcu=atmega32 -DF_CPU=16000000UL -MMD -MP -MF"main.d" -MT"main.o" -c -o "main.o" "../main.c"
In file included from ../main.c:9:
c:/winavr-20100110/lib/gcc/../../avr/include/util/delay.h:90:3: warning: #warning "Compiler optimizations disabled; functions from <util/delay.h> won't work as designed"
Finished building: ../main.c
 
Building target: parkingSystem.elf
Invoking: AVR C Linker
avr-gcc -Wl,-Map,parkingSystem.map -mmcu=atmega32 -o "parkingSystem.elf"  ./buzzer.o ./gpio.o ./icu.o ./lcd.o ./led.o ./main.o ./ultrasonic_sensor.o   
Finished building target: parkingSystem.elf
 
Invoking: AVR Create Extended Listing
avr-objdump -h -S parkingSystem.elf  >"parkingSystem.lss"
Finished building: parkingSystem.lss
 
Create Flash image (ihex format)
avr-objcopy -R .eeprom -R .fuse -R .lock -R .signature -O ihex parkingSystem.elf  "parkingSystem.hex"
Finished building: parkingSystem.hex
 
Invoking: Print Size
avr-size --format=avr --mcu=atmega32 parkingSystem.elf
AVR Memory Usage
----------------
Device: atmega32

Program:   13934 bytes (42.5% Full)
(.text + .data + .bootloader)

Data:        309 bytes (15.1% Full)
(.data + .bss + .noinit)


Finished building: sizedummy
 
23:40:16 **** Incremental Build of configuration Debug for project parkingSystem ****
make all 
Invoking: Print Size
avr-size --format=avr --mcu=atmega32 parkingSystem.elf
AVR Memory Usage
----------------
Device: atmega32

Program:   13934 bytes (42.5% Full)
(.text + .data + .bootloader)

Data:        309 bytes (15.1% Full)
(.data + .bss + .noinit)


Finished building: sizedummy
 
18:22:14 **** Build of configuration Debug for project parkingSystem ****
make all 
Invoking: Print Size
avr-size --format=avr --mcu=atmega32 parkingSystem.elf
AVR Memory Usage
----------------
Device: atmega32

Program:   13934 bytes (42.5% Full)
(.text + .data + .bootloader)

Data:        309 bytes (15.1% Full)
(.data + .bss + .noinit)


Finished building: sizedummy
 
18:22:17 **** Incremental Build of configuration Debug for project parkingSystem ****
make all 
Invoking: Print Size
avr-size --format=avr --mcu=atmega32 parkingSystem.elf
AVR Memory Usage
----------------
Device: atmega32

Program:   13934 bytes (42.5% Full)
(.text + .data + .bootloader)

Data:        309 bytes (15.1% Full)
(.data + .bss + .noinit)


Finished building: sizedummy
 
18:22:18 **** Incremental Build of configuration Debug for project parkingSystem ****
make all 
Invoking: Print Size
avr-size --format=avr --mcu=atmega32 parkingSystem.elf
AVR Memory Usage
----------------
Device: atmega32

Program:   13934 bytes (42.5% Full)
(.text + .data + .bootloader)

Data:        309 bytes (15.1% Full)
(.data + .bss + .noinit)


Finished building: sizedummy
 
18:32:14 **** Incremental Build of configuration Debug for project parkingSystem ****
make all 
Building file: ../buzzer.c
Invoking: AVR Compiler
avr-gcc -Wall -g3 -gdwarf-2 -O0 -fpack-struct -fshort-enums -ffunction-sections -fdata-sections -std=gnu99 -funsigned-char -funsigned-bitfields -mmcu=atmega32 -DF_CPU=16000000UL -MMD -MP -MF"buzzer.d" -MT"buzzer.o" -c -o "buzzer.o" "../buzzer.c"
Finished building: ../buzzer.c
 
Building file: ../icu.c
Invoking: AVR Compiler
avr-gcc -Wall -g3 -gdwarf-2 -O0 -fpack-struct -fshort-enums -ffunction-sections -fdata-sections -std=gnu99 -funsigned-char -funsigned-bitfields -mmcu=atmega32 -DF_CPU=16000000UL -MMD -MP -MF"icu.d" -MT"icu.o" -c -o "icu.o" "../icu.c"
../icu.c: In function 'ICU_setCallBack':
../icu.c:84: warning: function return types not compatible due to 'volatile'
Finished building: ../icu.c
 
Building file: ../led.c
Invoking: AVR Compiler
avr-gcc -Wall -g3 -gdwarf-2 -O0 -fpack-struct -fshort-enums -ffunction-sections -fdata-sections -std=gnu99 -funsigned-char -funsigned-bitfields -mmcu=atmega32 -DF_CPU=16000000UL -MMD -MP -MF"led.d" -MT"led.o" -c -o "led.o" "../led.c"
Finished building: ../led.c
 
Building file: ../main.c
Invoking: AVR Compiler
avr-gcc -Wall -g3 -gdwarf-2 -O0 -fpack-struct -fshort-enums -ffunction-sections -fdata-sections -std=gnu99 -funsigned-char -funsigned-bitfields -mmcu=atmega32 -DF_CPU=16000000UL -MMD -MP -MF"main.d" -MT"main.o" -c -o "main.o" "../main.c"
In file included from ../main.c:11:
c:/winavr-20100110/lib/gcc/../../avr/include/util/delay.h:90:3: warning: #warning "Compiler optimizations disabled; functions from <util/delay.h> won't work as designed"
Finished building: ../main.c
 
Building file: ../ultrasonic_sensor.c
Invoking: AVR Compiler
avr-gcc -Wall -g3 -gdwarf-2 -O0 -fpack-struct -fshort-enums -ffunction-sections -fdata-sections -std=gnu99 -funsigned-char -funsigned-bitfields -mmcu=atmega32 -DF_CPU=16000000UL -MMD -MP -MF"ultrasonic_sensor.d" -MT"ultrasonic_sensor.o" -c -o "ultrasonic_sensor.o" "../ultrasonic_sensor.c"
In file included from ../ultrasonic_sensor.c:13:
c:/winavr-20100110/lib/gcc/../../avr/include/util/delay.h:90:3: warning: #warning "Compiler optimizations disabled; functions from <util/delay.h> won't work as designed"
Finished building: ../ultrasonic_sensor.c
 
Building target: parkingSystem.elf
Invoking: AVR C Linker
avr-gcc -Wl,-Map,parkingSystem.map -mmcu=atmega32 -o "parkingSystem.elf"  ./buzzer.o ./gpio.o ./icu.o ./lcd.o ./led.o ./main.o ./ultrasonic_sensor.o   
Finished building target: parkingSystem.elf
 
Invoking: AVR Create Extended Listing
avr-objdump -h -S parkingSystem.elf  >"parkingSystem.lss"
Finished building: parkingSystem.lss
 
Create Flash image (ihex format)
avr-objcopy -R .eeprom -R .fuse -R .lock -R .signature -O ihex parkingSystem.elf  "parkingSystem.hex"
Finished building: parkingSystem.hex
 
Invoking: Print Size
avr-size --format=avr --mcu=atmega32 parkingSystem.elf
AVR Memory Usage
----------------
Device: atmega32

Program:   13934 bytes (42.5% Full)
(.text + .data + .bootloader)

Data:        309 bytes (15.1% Full)
(.data + .bss + .noinit)


Finished building: sizedummy
 
18:32:15 **** Incremental Build of configuration Debug for project parkingSystem ****
make all 
Invoking: Print Size
avr-size --format=avr --mcu=atmega32 parkingSystem.elf
AVR Memory Usage
----------------
Device: atmega32

Program:   13934 bytes (42.5% Full)
(.text + .data + .bootloader)

Data:        309 bytes (15.1% Full)
(.data + .bss + .noinit)


Finished building: sizedummy
 
18:32:57 **** Incremental Build of configuration Debug for project parkingSystem ****
make all 
Building file: ../main.c
Invoking: AVR Compiler
avr-gcc -Wall -g3 -gdwarf-2 -O0 -fpack-struct -fshort-enums -ffunction-sections -fdata-sections -std=gnu99 -funsigned-char -funsigned-bitfields -mmcu=atmega32 -DF_CPU=16000000UL -MMD -MP -MF"main.d" -MT"main.o" -c -o "main.o" "../main.c"
In file included from ../main.c:11:
c:/winavr-20100110/lib/gcc/../../avr/include/util/delay.h:90:3: warning: #warning "Compiler optimizations disabled; functions from <util/delay.h> won't work as designed"
Finished building: ../main.c
 
Building target: parkingSystem.elf
Invoking: AVR C Linker
avr-gcc -Wl,-Map,parkingSystem.map -mmcu=atmega32 -o "parkingSystem.elf"  ./buzzer.o ./gpio.o ./icu.o ./lcd.o ./led.o ./main.o ./ultrasonic_sensor.o   
Finished building target: parkingSystem.elf
 
Invoking: AVR Create Extended Listing
avr-objdump -h -S parkingSystem.elf  >"parkingSystem.lss"
Finished building: parkingSystem.lss
 
Create Flash image (ihex format)
avr-objcopy -R .eeprom -R .fuse -R .lock -R .signature -O ihex parkingSystem.elf  "parkingSystem.hex"
Finished building: parkingSystem.hex
 
Invoking: Print Size
avr-size --format=avr --mcu=atmega32 parkingSystem.elf
AVR Memory Usage
----------------
Device: atmega32

Program:   13934 bytes (42.5% Full)
(.text + .data + .bootloader)

Data:        309 bytes (15.1% Full)
(.data + .bss + .noinit)


Finished building: sizedummy
 
18:32:58 **** Incremental Build of configuration Debug for project parkingSystem ****
make all 
Invoking: Print Size
avr-size --format=avr --mcu=atmega32 parkingSystem.elf
AVR Memory Usage
----------------
Device: atmega32

Program:   13934 bytes (42.5% Full)
(.text + .data + .bootloader)

Data:        309 bytes (15.1% Full)
(.data + .bss + .noinit)


Finished building: sizedummy
 
18:55:35 **** Incremental Build of configuration Debug for project parkingSystem ****
make all 
Building file: ../main.c
Invoking: AVR Compiler
avr-gcc -Wall -g3 -gdwarf-2 -O0 -fpack-struct -fshort-enums -ffunction-sections -fdata-sections -std=gnu99 -funsigned-char -funsigned-bitfields -mmcu=atmega32 -DF_CPU=16000000UL -MMD -MP -MF"main.d" -MT"main.o" -c -o "main.o" "../main.c"
In file included from ../app.h:12,
                 from ../main.c:10:
c:/winavr-20100110/lib/gcc/../../avr/include/util/delay.h:90:3: warning: #warning "Compiler optimizations disabled; functions from <util/delay.h> won't work as designed"
Finished building: ../main.c
 
Building file: ../ultrasonic_sensor.c
Invoking: AVR Compiler
avr-gcc -Wall -g3 -gdwarf-2 -O0 -fpack-struct -fshort-enums -ffunction-sections -fdata-sections -std=gnu99 -funsigned-char -funsigned-bitfields -mmcu=atmega32 -DF_CPU=16000000UL -MMD -MP -MF"ultrasonic_sensor.d" -MT"ultrasonic_sensor.o" -c -o "ultrasonic_sensor.o" "../ultrasonic_sensor.c"
In file included from ../ultrasonic_sensor.c:13:
c:/winavr-20100110/lib/gcc/../../avr/include/util/delay.h:90:3: warning: #warning "Compiler optimizations disabled; functions from <util/delay.h> won't work as designed"
Finished building: ../ultrasonic_sensor.c
 
Building target: parkingSystem.elf
Invoking: AVR C Linker
avr-gcc -Wl,-Map,parkingSystem.map -mmcu=atmega32 -o "parkingSystem.elf"  ./buzzer.o ./gpio.o ./icu.o ./lcd.o ./led.o ./main.o ./ultrasonic_sensor.o   
Finished building target: parkingSystem.elf
 
Invoking: AVR Create Extended Listing
avr-objdump -h -S parkingSystem.elf  >"parkingSystem.lss"
Finished building: parkingSystem.lss
 
Create Flash image (ihex format)
avr-objcopy -R .eeprom -R .fuse -R .lock -R .signature -O ihex parkingSystem.elf  "parkingSystem.hex"
Finished building: parkingSystem.hex
 
Invoking: Print Size
avr-size --format=avr --mcu=atmega32 parkingSystem.elf
AVR Memory Usage
----------------
Device: atmega32

Program:   13934 bytes (42.5% Full)
(.text + .data + .bootloader)

Data:        309 bytes (15.1% Full)
(.data + .bss + .noinit)


Finished building: sizedummy
 
18:55:36 **** Incremental Build of configuration Debug for project parkingSystem ****
make all 
Invoking: Print Size
avr-size --format=avr --mcu=atmega32 parkingSystem.elf
AVR Memory Usage
----------------
Device: atmega32

Program:   13934 bytes (42.5% Full)
(.text + .data + .bootloader)

Data:        309 bytes (15.1% Full)
(.data + .bss + .noinit)


Finished building: sizedummy
 
19:02:39 **** Incremental Build of configuration Debug for project parkingSystem ****
make all 
Building file: ../ultrasonic_sensor.c
Invoking: AVR Compiler
avr-gcc -Wall -g3 -gdwarf-2 -O0 -fpack-struct -fshort-enums -ffunction-sections -fdata-sections -std=gnu99 -funsigned-char -funsigned-bitfields -mmcu=atmega32 -DF_CPU=16000000UL -MMD -MP -MF"ultrasonic_sensor.d" -MT"ultrasonic_sensor.o" -c -o "ultrasonic_sensor.o" "../ultrasonic_sensor.c"
In file included from ../ultrasonic_sensor.c:13:
c:/winavr-20100110/lib/gcc/../../avr/include/util/delay.h:90:3: warning: #warning "Compiler optimizations disabled; functions from <util/delay.h> won't work as designed"
Finished building: ../ultrasonic_sensor.c
 
Building target: parkingSystem.elf
Invoking: AVR C Linker
avr-gcc -Wl,-Map,parkingSystem.map -mmcu=atmega32 -o "parkingSystem.elf"  ./buzzer.o ./gpio.o ./icu.o ./lcd.o ./led.o ./main.o ./ultrasonic_sensor.o   
Finished building target: parkingSystem.elf
 
Invoking: AVR Create Extended Listing
avr-objdump -h -S parkingSystem.elf  >"parkingSystem.lss"
Finished building: parkingSystem.lss
 
Create Flash image (ihex format)
avr-objcopy -R .eeprom -R .fuse -R .lock -R .signature -O ihex parkingSystem.elf  "parkingSystem.hex"
Finished building: parkingSystem.hex
 
Invoking: Print Size
avr-size --format=avr --mcu=atmega32 parkingSystem.elf
AVR Memory Usage
----------------
Device: atmega32

Program:   13934 bytes (42.5% Full)
(.text + .data + .bootloader)

Data:        309 bytes (15.1% Full)
(.data + .bss + .noinit)


Finished building: sizedummy
 
19:02:41 **** Incremental Build of configuration Debug for project parkingSystem ****
make all 
Invoking: Print Size
avr-size --format=avr --mcu=atmega32 parkingSystem.elf
AVR Memory Usage
----------------
Device: atmega32

Program:   13934 bytes (42.5% Full)
(.text + .data + .bootloader)

Data:        309 bytes (15.1% Full)
(.data + .bss + .noinit)


Finished building: sizedummy
 
19:09:28 **** Incremental Build of configuration Debug for project parkingSystem ****
make all 
Building file: ../main.c
Invoking: AVR Compiler
avr-gcc -Wall -g3 -gdwarf-2 -O0 -fpack-struct -fshort-enums -ffunction-sections -fdata-sections -std=gnu99 -funsigned-char -funsigned-bitfields -mmcu=atmega32 -DF_CPU=16000000UL -MMD -MP -MF"main.d" -MT"main.o" -c -o "main.o" "../main.c"
In file included from ../app.h:12,
                 from ../main.c:10:
c:/winavr-20100110/lib/gcc/../../avr/include/util/delay.h:90:3: warning: #warning "Compiler optimizations disabled; functions from <util/delay.h> won't work as designed"
Finished building: ../main.c
 
Building target: parkingSystem.elf
Invoking: AVR C Linker
avr-gcc -Wl,-Map,parkingSystem.map -mmcu=atmega32 -o "parkingSystem.elf"  ./buzzer.o ./gpio.o ./icu.o ./lcd.o ./led.o ./main.o ./ultrasonic_sensor.o   
Finished building target: parkingSystem.elf
 
Invoking: AVR Create Extended Listing
avr-objdump -h -S parkingSystem.elf  >"parkingSystem.lss"
Finished building: parkingSystem.lss
 
Create Flash image (ihex format)
avr-objcopy -R .eeprom -R .fuse -R .lock -R .signature -O ihex parkingSystem.elf  "parkingSystem.hex"
Finished building: parkingSystem.hex
 
Invoking: Print Size
avr-size --format=avr --mcu=atmega32 parkingSystem.elf
AVR Memory Usage
----------------
Device: atmega32

Program:   13942 bytes (42.5% Full)
(.text + .data + .bootloader)

Data:        309 bytes (15.1% Full)
(.data + .bss + .noinit)


Finished building: sizedummy
 
19:09:29 **** Incremental Build of configuration Debug for project parkingSystem ****
make all 
Invoking: Print Size
avr-size --format=avr --mcu=atmega32 parkingSystem.elf
AVR Memory Usage
----------------
Device: atmega32

Program:   13942 bytes (42.5% Full)
(.text + .data + .bootloader)

Data:        309 bytes (15.1% Full)
(.data + .bss + .noinit)


Finished building: sizedummy
 
19:10:11 **** Incremental Build of configuration Debug for project parkingSystem ****
make all 
Building file: ../main.c
Invoking: AVR Compiler
avr-gcc -Wall -g3 -gdwarf-2 -O0 -fpack-struct -fshort-enums -ffunction-sections -fdata-sections -std=gnu99 -funsigned-char -funsigned-bitfields -mmcu=atmega32 -DF_CPU=16000000UL -MMD -MP -MF"main.d" -MT"main.o" -c -o "main.o" "../main.c"
In file included from ../app.h:12,
                 from ../main.c:10:
c:/winavr-20100110/lib/gcc/../../avr/include/util/delay.h:90:3: warning: #warning "Compiler optimizations disabled; functions from <util/delay.h> won't work as designed"
Finished building: ../main.c
 
Building target: parkingSystem.elf
Invoking: AVR C Linker
avr-gcc -Wl,-Map,parkingSystem.map -mmcu=atmega32 -o "parkingSystem.elf"  ./buzzer.o ./gpio.o ./icu.o ./lcd.o ./led.o ./main.o ./ultrasonic_sensor.o   
Finished building target: parkingSystem.elf
 
Invoking: AVR Create Extended Listing
avr-objdump -h -S parkingSystem.elf  >"parkingSystem.lss"
Finished building: parkingSystem.lss
 
Create Flash image (ihex format)
avr-objcopy -R .eeprom -R .fuse -R .lock -R .signature -O ihex parkingSystem.elf  "parkingSystem.hex"
Finished building: parkingSystem.hex
 
Invoking: Print Size
avr-size --format=avr --mcu=atmega32 parkingSystem.elf
AVR Memory Usage
----------------
Device: atmega32

Program:   13942 bytes (42.5% Full)
(.text + .data + .bootloader)

Data:        309 bytes (15.1% Full)
(.data + .bss + .noinit)


Finished building: sizedummy
 
19:10:12 **** Incremental Build of configuration Debug for project parkingSystem ****
make all 
Invoking: Print Size
avr-size --format=avr --mcu=atmega32 parkingSystem.elf
AVR Memory Usage
----------------
Device: atmega32

Program:   13942 bytes (42.5% Full)
(.text + .data + .bootloader)

Data:        309 bytes (15.1% Full)
(.data + .bss + .noinit)


Finished building: sizedummy
 
19:42:21 **** Incremental Build of configuration Debug for project parkingSystem ****
make all 
Invoking: Print Size
avr-size --format=avr --mcu=atmega32 parkingSystem.elf
AVR Memory Usage
----------------
Device: atmega32

Program:   13942 bytes (42.5% Full)
(.text + .data + .bootloader)

Data:        309 bytes (15.1% Full)
(.data + .bss + .noinit)


Finished building: sizedummy
 
19:42:23 **** Incremental Build of configuration Debug for project parkingSystem ****
make all 
Invoking: Print Size
avr-size --format=avr --mcu=atmega32 parkingSystem.elf
AVR Memory Usage
----------------
Device: atmega32

Program:   13942 bytes (42.5% Full)
(.text + .data + .bootloader)

Data:        309 bytes (15.1% Full)
(.data + .bss + .noinit)


Finished building: sizedummy
 
