18:00:01 **** Incremental Build of configuration Debug for project calculator ****
make all 
Building file: ../main.c
Invoking: AVR Compiler
avr-gcc -Wall -g2 -gstabs -O0 -fpack-struct -fshort-enums -ffunction-sections -fdata-sections -std=gnu99 -funsigned-char -funsigned-bitfields -mmcu=atmega32 -DF_CPU=16000000UL -MMD -MP -MF"main.d" -MT"main.o" -c -o "main.o" "../main.c"
In file included from ../main.c:10:
c:/winavr-20100110/lib/gcc/../../avr/include/util/delay.h:90:3: warning: #warning "Compiler optimizations disabled; functions from <util/delay.h> won't work as designed"
Finished building: ../main.c
 
Building target: calculator.elf
Invoking: AVR C Linker
avr-gcc -Wl,-Map,calculator.map -mmcu=atmega32 -o "calculator.elf"  ./gpio.o ./keypad.o ./lcd.o ./main.o   
Finished building target: calculator.elf
 
Invoking: AVR Create Extended Listing
avr-objdump -h -S calculator.elf  >"calculator.lss"
Finished building: calculator.lss
 
Invoking: Print Size
avr-size --format=avr --mcu=atmega32 calculator.elf
AVR Memory Usage
----------------
Device: atmega32

Program:   14874 bytes (45.4% Full)
(.text + .data + .bootloader)

Data:        338 bytes (16.5% Full)
(.data + .bss + .noinit)


Finished building: sizedummy
 
19:17:23 **** Build of configuration Debug for project calculator ****
make all 
Building file: ../gpio.c
Invoking: AVR Compiler
avr-gcc -Wall -g2 -gstabs -O0 -fpack-struct -fshort-enums -ffunction-sections -fdata-sections -std=gnu99 -funsigned-char -funsigned-bitfields -mmcu=atmega32 -DF_CPU=16000000UL -MMD -MP -MF"gpio.d" -MT"gpio.o" -c -o "gpio.o" "../gpio.c"
Finished building: ../gpio.c
 
Building file: ../keypad.c
Invoking: AVR Compiler
avr-gcc -Wall -g2 -gstabs -O0 -fpack-struct -fshort-enums -ffunction-sections -fdata-sections -std=gnu99 -funsigned-char -funsigned-bitfields -mmcu=atmega32 -DF_CPU=16000000UL -MMD -MP -MF"keypad.d" -MT"keypad.o" -c -o "keypad.o" "../keypad.c"
In file included from ../keypad.c:14:
c:/winavr-20100110/lib/gcc/../../avr/include/util/delay.h:90:3: warning: #warning "Compiler optimizations disabled; functions from <util/delay.h> won't work as designed"
Finished building: ../keypad.c
 
Building file: ../lcd.c
Invoking: AVR Compiler
avr-gcc -Wall -g2 -gstabs -O0 -fpack-struct -fshort-enums -ffunction-sections -fdata-sections -std=gnu99 -funsigned-char -funsigned-bitfields -mmcu=atmega32 -DF_CPU=16000000UL -MMD -MP -MF"lcd.d" -MT"lcd.o" -c -o "lcd.o" "../lcd.c"
In file included from ../lcd.c:7:
c:/winavr-20100110/lib/gcc/../../avr/include/util/delay.h:90:3: warning: #warning "Compiler optimizations disabled; functions from <util/delay.h> won't work as designed"
Finished building: ../lcd.c
 
Building file: ../main.c
Invoking: AVR Compiler
avr-gcc -Wall -g2 -gstabs -O0 -fpack-struct -fshort-enums -ffunction-sections -fdata-sections -std=gnu99 -funsigned-char -funsigned-bitfields -mmcu=atmega32 -DF_CPU=16000000UL -MMD -MP -MF"main.d" -MT"main.o" -c -o "main.o" "../main.c"
In file included from ../main.c:10:
c:/winavr-20100110/lib/gcc/../../avr/include/util/delay.h:90:3: warning: #warning "Compiler optimizations disabled; functions from <util/delay.h> won't work as designed"
Finished building: ../main.c
 
Building target: calculator.elf
Invoking: AVR C Linker
avr-gcc -Wl,-Map,calculator.map -mmcu=atmega32 -o "calculator.elf"  ./gpio.o ./keypad.o ./lcd.o ./main.o   
Finished building target: calculator.elf
 
Invoking: AVR Create Extended Listing
avr-objdump -h -S calculator.elf  >"calculator.lss"
Finished building: calculator.lss
 
Invoking: Print Size
avr-size --format=avr --mcu=atmega32 calculator.elf
AVR Memory Usage
----------------
Device: atmega32

Program:   14874 bytes (45.4% Full)
(.text + .data + .bootloader)

Data:        338 bytes (16.5% Full)
(.data + .bss + .noinit)


Finished building: sizedummy
 
19:17:25 **** Incremental Build of configuration Debug for project calculator ****
make all 
Invoking: Print Size
avr-size --format=avr --mcu=atmega32 calculator.elf
AVR Memory Usage
----------------
Device: atmega32

Program:   14874 bytes (45.4% Full)
(.text + .data + .bootloader)

Data:        338 bytes (16.5% Full)
(.data + .bss + .noinit)


Finished building: sizedummy
 
19:23:33 **** Incremental Build of configuration Debug for project calculator ****
make all 
Building file: ../main.c
Invoking: AVR Compiler
avr-gcc -Wall -g2 -gstabs -O0 -fpack-struct -fshort-enums -ffunction-sections -fdata-sections -std=gnu99 -funsigned-char -funsigned-bitfields -mmcu=atmega32 -DF_CPU=16000000UL -MMD -MP -MF"main.d" -MT"main.o" -c -o "main.o" "../main.c"
In file included from ../main.c:12:
c:/winavr-20100110/lib/gcc/../../avr/include/util/delay.h:90:3: warning: #warning "Compiler optimizations disabled; functions from <util/delay.h> won't work as designed"
Finished building: ../main.c
 
Building target: calculator.elf
Invoking: AVR C Linker
avr-gcc -Wl,-Map,calculator.map -mmcu=atmega32 -o "calculator.elf"  ./gpio.o ./keypad.o ./lcd.o ./main.o   
Finished building target: calculator.elf
 
Invoking: AVR Create Extended Listing
avr-objdump -h -S calculator.elf  >"calculator.lss"
Finished building: calculator.lss
 
Invoking: Print Size
avr-size --format=avr --mcu=atmega32 calculator.elf
AVR Memory Usage
----------------
Device: atmega32

Program:   14862 bytes (45.4% Full)
(.text + .data + .bootloader)

Data:        338 bytes (16.5% Full)
(.data + .bss + .noinit)


Finished building: sizedummy
 
19:23:34 **** Incremental Build of configuration Debug for project calculator ****
make all 
Invoking: Print Size
avr-size --format=avr --mcu=atmega32 calculator.elf
AVR Memory Usage
----------------
Device: atmega32

Program:   14862 bytes (45.4% Full)
(.text + .data + .bootloader)

Data:        338 bytes (16.5% Full)
(.data + .bss + .noinit)


Finished building: sizedummy
 
19:26:33 **** Incremental Build of configuration Debug for project calculator ****
make all 
Building file: ../main.c
Invoking: AVR Compiler
avr-gcc -Wall -g2 -gstabs -O0 -fpack-struct -fshort-enums -ffunction-sections -fdata-sections -std=gnu99 -funsigned-char -funsigned-bitfields -mmcu=atmega32 -DF_CPU=16000000UL -MMD -MP -MF"main.d" -MT"main.o" -c -o "main.o" "../main.c"
In file included from ../main.c:12:
c:/winavr-20100110/lib/gcc/../../avr/include/util/delay.h:90:3: warning: #warning "Compiler optimizations disabled; functions from <util/delay.h> won't work as designed"
Finished building: ../main.c
 
Building target: calculator.elf
Invoking: AVR C Linker
avr-gcc -Wl,-Map,calculator.map -mmcu=atmega32 -o "calculator.elf"  ./gpio.o ./keypad.o ./lcd.o ./main.o   
Finished building target: calculator.elf
 
Invoking: AVR Create Extended Listing
avr-objdump -h -S calculator.elf  >"calculator.lss"
Finished building: calculator.lss
 
Invoking: Print Size
avr-size --format=avr --mcu=atmega32 calculator.elf
AVR Memory Usage
----------------
Device: atmega32

Program:   14896 bytes (45.5% Full)
(.text + .data + .bootloader)

Data:        356 bytes (17.4% Full)
(.data + .bss + .noinit)


Finished building: sizedummy
 
19:26:35 **** Incremental Build of configuration Debug for project calculator ****
make all 
Invoking: Print Size
avr-size --format=avr --mcu=atmega32 calculator.elf
AVR Memory Usage
----------------
Device: atmega32

Program:   14896 bytes (45.5% Full)
(.text + .data + .bootloader)

Data:        356 bytes (17.4% Full)
(.data + .bss + .noinit)


Finished building: sizedummy
 
19:29:19 **** Incremental Build of configuration Debug for project calculator ****
make all 
Building file: ../main.c
Invoking: AVR Compiler
avr-gcc -Wall -g2 -gstabs -O0 -fpack-struct -fshort-enums -ffunction-sections -fdata-sections -std=gnu99 -funsigned-char -funsigned-bitfields -mmcu=atmega32 -DF_CPU=16000000UL -MMD -MP -MF"main.d" -MT"main.o" -c -o "main.o" "../main.c"
In file included from ../main.c:12:
c:/winavr-20100110/lib/gcc/../../avr/include/util/delay.h:90:3: warning: #warning "Compiler optimizations disabled; functions from <util/delay.h> won't work as designed"
Finished building: ../main.c
 
Building target: calculator.elf
Invoking: AVR C Linker
avr-gcc -Wl,-Map,calculator.map -mmcu=atmega32 -o "calculator.elf"  ./gpio.o ./keypad.o ./lcd.o ./main.o   
Finished building target: calculator.elf
 
Invoking: AVR Create Extended Listing
avr-objdump -h -S calculator.elf  >"calculator.lss"
Finished building: calculator.lss
 
Invoking: Print Size
avr-size --format=avr --mcu=atmega32 calculator.elf
AVR Memory Usage
----------------
Device: atmega32

Program:   14862 bytes (45.4% Full)
(.text + .data + .bootloader)

Data:        338 bytes (16.5% Full)
(.data + .bss + .noinit)


Finished building: sizedummy
 
19:29:21 **** Incremental Build of configuration Debug for project calculator ****
make all 
Invoking: Print Size
avr-size --format=avr --mcu=atmega32 calculator.elf
AVR Memory Usage
----------------
Device: atmega32

Program:   14862 bytes (45.4% Full)
(.text + .data + .bootloader)

Data:        338 bytes (16.5% Full)
(.data + .bss + .noinit)


Finished building: sizedummy
 
19:32:13 **** Incremental Build of configuration Debug for project calculator ****
make all 
Invoking: Print Size
avr-size --format=avr --mcu=atmega32 calculator.elf
AVR Memory Usage
----------------
Device: atmega32

Program:   14862 bytes (45.4% Full)
(.text + .data + .bootloader)

Data:        338 bytes (16.5% Full)
(.data + .bss + .noinit)


Finished building: sizedummy
 
19:34:08 **** Incremental Build of configuration Debug for project calculator ****
make all 
Building file: ../main.c
Invoking: AVR Compiler
avr-gcc -Wall -g2 -gstabs -O0 -fpack-struct -fshort-enums -ffunction-sections -fdata-sections -std=gnu99 -funsigned-char -funsigned-bitfields -mmcu=atmega32 -DF_CPU=16000000UL -MMD -MP -MF"main.d" -MT"main.o" -c -o "main.o" "../main.c"
In file included from ../main.c:12:
c:/winavr-20100110/lib/gcc/../../avr/include/util/delay.h:90:3: warning: #warning "Compiler optimizations disabled; functions from <util/delay.h> won't work as designed"
Finished building: ../main.c
 
Building target: calculator.elf
Invoking: AVR C Linker
avr-gcc -Wl,-Map,calculator.map -mmcu=atmega32 -o "calculator.elf"  ./gpio.o ./keypad.o ./lcd.o ./main.o   
Finished building target: calculator.elf
 
Invoking: AVR Create Extended Listing
avr-objdump -h -S calculator.elf  >"calculator.lss"
Finished building: calculator.lss
 
Invoking: Print Size
avr-size --format=avr --mcu=atmega32 calculator.elf
AVR Memory Usage
----------------
Device: atmega32

Program:   14860 bytes (45.3% Full)
(.text + .data + .bootloader)

Data:        336 bytes (16.4% Full)
(.data + .bss + .noinit)


Finished building: sizedummy
 
19:34:09 **** Incremental Build of configuration Debug for project calculator ****
make all 
Invoking: Print Size
avr-size --format=avr --mcu=atmega32 calculator.elf
AVR Memory Usage
----------------
Device: atmega32

Program:   14860 bytes (45.3% Full)
(.text + .data + .bootloader)

Data:        336 bytes (16.4% Full)
(.data + .bss + .noinit)


Finished building: sizedummy
 
